2023-09-20 13:47:01,310 INFO o.a.j.u.JMeterUtils: Setting Locale to en_EN
2023-09-20 13:47:01,337 INFO o.a.j.JMeter: Loading user properties from: C:\Users\rigoberto_campos\Documents\Instalados\apache-jmeter-5.5\bin\user.properties
2023-09-20 13:47:01,345 INFO o.a.j.JMeter: Loading system properties from: C:\Users\rigoberto_campos\Documents\Instalados\apache-jmeter-5.5\bin\system.properties
2023-09-20 13:47:01,350 INFO o.a.j.JMeter: Copyright (c) 1998-2022 The Apache Software Foundation
2023-09-20 13:47:01,350 INFO o.a.j.JMeter: Version 5.5
2023-09-20 13:47:01,350 INFO o.a.j.JMeter: java.version=17.0.5
2023-09-20 13:47:01,350 INFO o.a.j.JMeter: java.vm.name=Java HotSpot(TM) 64-Bit Server VM
2023-09-20 13:47:01,350 INFO o.a.j.JMeter: os.name=Windows 10
2023-09-20 13:47:01,350 INFO o.a.j.JMeter: os.arch=amd64
2023-09-20 13:47:01,350 INFO o.a.j.JMeter: os.version=10.0
2023-09-20 13:47:01,350 INFO o.a.j.JMeter: file.encoding=Cp1252
2023-09-20 13:47:01,350 INFO o.a.j.JMeter: java.awt.headless=null
2023-09-20 13:47:01,350 INFO o.a.j.JMeter: Max memory     =1073741824
2023-09-20 13:47:01,350 INFO o.a.j.JMeter: Available Processors =12
2023-09-20 13:47:01,356 INFO o.a.j.JMeter: Default Locale=English (EN)
2023-09-20 13:47:01,357 INFO o.a.j.JMeter: JMeter  Locale=English (EN)
2023-09-20 13:47:01,357 INFO o.a.j.JMeter: JMeterHome=C:\Users\rigoberto_campos\Documents\Instalados\apache-jmeter-5.5
2023-09-20 13:47:01,357 INFO o.a.j.JMeter: user.dir  =C:\Users\rigoberto_campos\Documents\Github
2023-09-20 13:47:01,357 INFO o.a.j.JMeter: PWD       =C:\Users\rigoberto_campos\Documents\Github
2023-09-20 13:47:06,016 INFO o.a.j.JMeter: IP: 192.168.100.2 Name: URSVCORLDMKR FullName: URSVCORLDMKR.unicomer.rfh.milady.local
2023-09-20 13:47:06,022 INFO o.a.j.JMeter: Loaded icon properties from org/apache/jmeter/images/icon.properties
2023-09-20 13:47:06,246 INFO o.a.j.JMeterGuiLauncher: Setting LAF to: com.github.weisj.darklaf.DarkLaf:com.github.weisj.darklaf.theme.DarculaTheme
2023-09-20 13:48:46,178 INFO o.a.j.s.FileServer: Default base='C:\Users\rigoberto_campos\Documents\Github'
2023-09-20 13:48:46,180 INFO o.a.j.g.a.Load: Loading file: C:\Users\rigoberto_campos\Documents\AutomationProjects\JmeterProject\new_HP_creation.jmx
2023-09-20 13:48:46,180 INFO o.a.j.s.FileServer: Set new base='C:\Users\rigoberto_campos\Documents\AutomationProjects\JmeterProject'
2023-09-20 13:48:46,287 INFO o.a.j.s.SaveService: Testplan (JMX) version: 2.2. Testlog (JTL) version: 2.2
2023-09-20 13:48:46,313 INFO o.a.j.s.SaveService: Using SaveService properties version 5.0
2023-09-20 13:48:46,315 INFO o.a.j.s.SaveService: Using SaveService properties file encoding UTF-8
2023-09-20 13:48:46,316 INFO o.a.j.s.SaveService: Loading file: C:\Users\rigoberto_campos\Documents\AutomationProjects\JmeterProject\new_HP_creation.jmx
2023-09-20 13:48:46,362 INFO o.a.j.p.h.s.HTTPSamplerBase: Parser for text/html is org.apache.jmeter.protocol.http.parser.LagartoBasedHtmlParser
2023-09-20 13:48:46,362 INFO o.a.j.p.h.s.HTTPSamplerBase: Parser for application/xhtml+xml is org.apache.jmeter.protocol.http.parser.LagartoBasedHtmlParser
2023-09-20 13:48:46,362 INFO o.a.j.p.h.s.HTTPSamplerBase: Parser for application/xml is org.apache.jmeter.protocol.http.parser.LagartoBasedHtmlParser
2023-09-20 13:48:46,363 INFO o.a.j.p.h.s.HTTPSamplerBase: Parser for text/xml is org.apache.jmeter.protocol.http.parser.LagartoBasedHtmlParser
2023-09-20 13:48:46,363 INFO o.a.j.p.h.s.HTTPSamplerBase: Parser for text/vnd.wap.wml is org.apache.jmeter.protocol.http.parser.RegexpHTMLParser
2023-09-20 13:48:46,363 INFO o.a.j.p.h.s.HTTPSamplerBase: Parser for text/css is org.apache.jmeter.protocol.http.parser.CssParser
2023-09-20 13:48:46,641 INFO o.a.j.e.KeyToolUtils: keytool found at 'keytool'
2023-09-20 13:48:46,642 INFO o.a.j.p.h.p.ProxyControl: HTTP(S) Test Script Recorder SSL Proxy will use keys that support embedded 3rd party resources in file C:\Users\rigoberto_campos\Documents\Instalados\apache-jmeter-5.5\bin\proxyserver.jks
2023-09-20 13:48:47,230 INFO o.a.j.s.SampleResult: Note: Sample TimeStamps are START times
2023-09-20 13:48:47,230 INFO o.a.j.s.SampleResult: sampleresult.default.encoding is set to ISO-8859-1
2023-09-20 13:48:47,230 INFO o.a.j.s.SampleResult: sampleresult.useNanoTime=true
2023-09-20 13:48:47,230 INFO o.a.j.s.SampleResult: sampleresult.nanoThreadSleep=5000
2023-09-20 13:48:47,406 INFO o.a.j.v.ViewResultsFullVisualizer: Add JavaFX to your Java installation if you want to use renderer: org.apache.jmeter.visualizers.RenderInBrowser
2023-09-20 13:48:47,552 INFO o.a.j.s.FileServer: Set new base='C:\Users\rigoberto_campos\Documents\AutomationProjects\JmeterProject'
2023-09-21 00:36:30,091 INFO o.a.j.e.StandardJMeterEngine: Running the test!
2023-09-21 00:36:30,098 INFO o.a.j.s.SampleEvent: List of sample_variables: []
2023-09-21 00:36:30,098 INFO o.a.j.s.SampleEvent: List of sample_variables: []
2023-09-21 00:36:30,100 INFO o.a.j.e.u.CompoundVariable: Note: Function class names must contain the string: '.functions.'
2023-09-21 00:36:30,100 INFO o.a.j.e.u.CompoundVariable: Note: Function class names must not contain the string: '.gui.'
2023-09-21 00:36:30,202 INFO o.a.j.g.u.JMeterMenuBar: setRunning(true, *local*)
2023-09-21 00:36:30,335 INFO o.a.j.e.StandardJMeterEngine: Starting ThreadGroup: 1 : Thread Group
2023-09-21 00:36:30,336 INFO o.a.j.e.StandardJMeterEngine: Starting 1 threads for group Thread Group.
2023-09-21 00:36:30,336 INFO o.a.j.e.StandardJMeterEngine: Thread will continue on error
2023-09-21 00:36:30,337 INFO o.a.j.t.ThreadGroup: Starting thread group... number=1 threads=1 ramp-up=1 delayedStart=false
2023-09-21 00:36:30,346 INFO o.a.j.t.ThreadGroup: Started thread group number 1
2023-09-21 00:36:30,346 INFO o.a.j.e.StandardJMeterEngine: All thread groups have been started
2023-09-21 00:36:30,348 INFO o.a.j.t.JMeterThread: Thread started: Thread Group 1-1
2023-09-21 00:36:30,359 INFO o.a.j.p.h.s.HTTPHCAbstractImpl: Local host = URSVCORLDMKR
2023-09-21 00:36:30,374 INFO o.a.j.p.h.s.HTTPHC4Impl: HTTP request retry count = 0
2023-09-21 00:36:31,230 INFO o.a.j.t.JMeterThread: Thread is done: Thread Group 1-1
2023-09-21 00:36:31,230 INFO o.a.j.t.JMeterThread: Thread finished: Thread Group 1-1
2023-09-21 00:36:31,232 INFO o.a.j.e.StandardJMeterEngine: Notifying test listeners of end of test
2023-09-21 00:36:31,233 INFO o.a.j.g.u.JMeterMenuBar: setRunning(false, *local*)
2023-09-21 01:19:14,872 INFO o.a.j.v.ViewResultsFullVisualizer: Add JavaFX to your Java installation if you want to use renderer: org.apache.jmeter.visualizers.RenderInBrowser
2023-09-21 01:19:14,918 INFO o.a.j.g.a.Load: Loading file: C:\Users\rigoberto_campos\Documents\AutomationProjects\JmeterProject\new_disbursement_CL.jmx
2023-09-21 01:19:14,918 INFO o.a.j.s.FileServer: Set new base='C:\Users\rigoberto_campos\Documents\AutomationProjects\JmeterProject'
2023-09-21 01:19:14,918 INFO o.a.j.s.SaveService: Loading file: C:\Users\rigoberto_campos\Documents\AutomationProjects\JmeterProject\new_disbursement_CL.jmx
2023-09-21 01:19:15,014 INFO o.a.j.v.ViewResultsFullVisualizer: Add JavaFX to your Java installation if you want to use renderer: org.apache.jmeter.visualizers.RenderInBrowser
2023-09-21 01:19:15,071 INFO o.a.j.s.FileServer: Set new base='C:\Users\rigoberto_campos\Documents\AutomationProjects\JmeterProject'
